Build started 08.05.2013 12:55:39.
Project "C:\Users\Ulf\Source\Repos\INF2_Project\MediaManager\MediaManager\MediaManager.vcxproj" on node 2 (Build target(s)).
ClCompile:
  C:\Program Files (x86)\Microsoft Visual Studio 11.0\VC\bin\CL.exe /c /ZI /nologo /W3 /WX- /sdl /Od /Oy- /D WIN32 /D _DEBUG /D _CONSOLE /D _UNICODE /D UNICODE /Gm /EHsc /RTC1 /MDd /GS /fp:precise /Zc:wchar_t /Zc:forScope /Fo"Debug\\" /Fd"Debug\vc110.pdb" /Gd /TC /analyze- /errorReport:prompt Ausgabe.c Eingabe.c FileEdit.c Liste.c main.c
  main.c
  Liste.c
  FileEdit.c
  Eingabe.c
  Ausgabe.c
  Generating Code...
c:\users\ulf\source\repos\inf2_project\mediamanager\mediamanager\fileedit.c(8): warning C4716: 'saveToFile' : must return a value
c:\users\ulf\source\repos\inf2_project\mediamanager\mediamanager\fileedit.c(14): warning C4716: 'loadFromFile' : must return a value
c:\users\ulf\source\repos\inf2_project\mediamanager\mediamanager\fileedit.c(20): warning C4716: 'printListeToFile' : must return a value
c:\users\ulf\source\repos\inf2_project\mediamanager\mediamanager\fileedit.c(26): warning C4716: 'sortFile' : must return a value
c:\users\ulf\source\repos\inf2_project\mediamanager\mediamanager\fileedit.c(32): warning C4716: 'searchInFile' : must return a value
Link:
  C:\Program Files (x86)\Microsoft Visual Studio 11.0\VC\bin\link.exe /ERRORREPORT:PROMPT /OUT:"C:\Users\Ulf\Source\Repos\INF2_Project\MediaManager\Debug\MediaManager.exe" /INCREMENTAL /NOLOGO kernel32.lib user32.lib gdi32.lib winspool.lib comdlg32.lib advapi32.lib shell32.lib ole32.lib oleaut32.lib uuid.lib odbc32.lib odbccp32.lib /MANIFEST /MANIFESTUAC:"level='asInvoker' uiAccess='false'" /manifest:embed /DEBUG /PDB:"C:\Users\Ulf\Source\Repos\INF2_Project\MediaManager\Debug\MediaManager.pdb" /SUBSYSTEM:CONSOLE /TLBID:1 /DYNAMICBASE /NXCOMPAT /IMPLIB:"C:\Users\Ulf\Source\Repos\INF2_Project\MediaManager\Debug\MediaManager.lib" /MACHINE:X86 Debug\Ausgabe.obj
  Debug\Eingabe.obj
  Debug\FileEdit.obj
  Debug\Liste.obj
  Debug\main.obj
  Debug\Menue.obj
  MediaManager.vcxproj -> C:\Users\Ulf\Source\Repos\INF2_Project\MediaManager\Debug\MediaManager.exe
Done Building Project "C:\Users\Ulf\Source\Repos\INF2_Project\MediaManager\MediaManager\MediaManager.vcxproj" (Build target(s)).

Build succeeded.

Time Elapsed 00:00:02.30
